2020-11-20 19:37:09.165  INFO 20504 --- [main] lavalink.server.Launcher                 : 

[32m       .  [31m _                  _ _       _    [32m__ _ _
[32m      /\\ [31m| | __ ___   ____ _| (_)_ __ | | __[32m\ \ \ \
[32m     ( ( )[31m| |/ _` \ \ / / _` | | | '_ \| |/ /[32m \ \ \ \
[32m      \\/ [31m| | (_| |\ V / (_| | | | | | |   < [32m  ) ) ) )
[32m       '  [31m|_|\__,_| \_/ \__,_|_|_|_| |_|_|\_\[32m / / / /
[0m    =========================================[32m/_/_/_/[0m

	Version:        3.3.2.1
	Build:          1132
	Build time:     28.10.2020 21:44:36 UTC
	Branch          master
	Commit:         833f72e
	Commit time:    28.10.2020 21:39:31 UTC
	JVM:            15.0.1
	Lavaplayer      1.3.53

2020-11-20 19:37:09.236  INFO 20504 --- [main] lavalink.server.Launcher                 : Starting Launcher on Myouri with PID 20504 (C:\Users\innoc\OneDrive\Documents\GitHub\DiscordBot\Javalink\Lavalink.jar started by innoc in C:\Users\innoc\OneDrive\Documents\GitHub\DiscordBot\Javalink)
2020-11-20 19:37:09.237  INFO 20504 --- [main] lavalink.server.Launcher                 : No active profile set, falling back to default profiles: default
2020-11-20 19:37:09.304  WARN 20504 --- [background-preinit] o.s.h.c.j.Jackson2ObjectMapperBuilder    : For Jackson Kotlin classes support please add "com.fasterxml.jackson.module:jackson-module-kotlin" to the classpath
2020-11-20 19:37:10.212  WARN 20504 --- [main] io.undertow.websockets.jsr               : UT026010: Buffer pool was not set on WebSocketDeploymentInfo, the default pool will be used
2020-11-20 19:37:10.230  INFO 20504 --- [main] io.undertow.servlet                      : Initializing Spring embedded WebApplicationContext
2020-11-20 19:37:10.230  INFO 20504 --- [main] o.s.web.context.ContextLoader            : Root WebApplicationContext: initialization completed in 960 ms
2020-11-20 19:37:10.490  WARN 20504 --- [main] l.server.config.SentryConfiguration      : Turning off sentry
2020-11-20 19:37:10.741  INFO 20504 --- [main] c.s.d.l.tools.GarbageCollectionMonitor   : GC monitoring enabled, reporting results every 2 minutes.
2020-11-20 19:37:10.899  INFO 20504 --- [main] lavalink.server.config.KoeConfiguration  : OS: Windows 10, Arch: amd64
2020-11-20 19:37:10.899  WARN 20504 --- [main] lavalink.server.config.KoeConfiguration  : This system and architecture appears to not support native audio sending! GC pauses may cause your bot to stutter during playback.
2020-11-20 19:37:11.063  INFO 20504 --- [main] o.s.s.concurrent.ThreadPoolTaskExecutor  : Initializing ExecutorService 'applicationTaskExecutor'
2020-11-20 19:37:11.287  INFO 20504 --- [main] org.xnio                                 : XNIO version 3.3.8.Final
2020-11-20 19:37:11.296  INFO 20504 --- [main] org.xnio.nio                             : XNIO NIO Implementation Version 3.3.8.Final
2020-11-20 19:37:11.342  INFO 20504 --- [main] o.s.b.w.e.u.UndertowServletWebServer     : Undertow started on port(s) 2333 (http) with context path ''
2020-11-20 19:37:11.346  INFO 20504 --- [main] lavalink.server.Launcher                 : Started Launcher in 2.514 seconds (JVM running for 2.985)
2020-11-20 19:37:11.347  INFO 20504 --- [main] lavalink.server.Launcher                 : You can safely ignore the big red warning about illegal reflection. See https://github.com/Frederikam/Lavalink/issues/295
